{"D:\\coding\\typescript\\projects\\myReactUItesting\\src\\App.tsx": {"path":"D:\\coding\\typescript\\projects\\myReactUItesting\\src\\App.tsx","all":false,"statementMap":{"0":{"start":{"line":1,"column":0},"end":{"line":1,"column":19}},"1":{"start":{"line":2,"column":0},"end":{"line":2,"column":45}},"2":{"start":{"line":3,"column":0},"end":{"line":3,"column":45}},"3":{"start":{"line":4,"column":0},"end":{"line":4,"column":0}},"4":{"start":{"line":5,"column":0},"end":{"line":5,"column":19}},"5":{"start":{"line":6,"column":0},"end":{"line":6,"column":10}},"6":{"start":{"line":7,"column":0},"end":{"line":7,"column":29}},"7":{"start":{"line":8,"column":0},"end":{"line":8,"column":33}},"8":{"start":{"line":9,"column":0},"end":{"line":9,"column":18}},"9":{"start":{"line":10,"column":0},"end":{"line":10,"column":10}},"10":{"start":{"line":11,"column":0},"end":{"line":11,"column":4}},"11":{"start":{"line":12,"column":0},"end":{"line":12,"column":2}},"12":{"start":{"line":13,"column":0},"end":{"line":13,"column":0}},"13":{"start":{"line":14,"column":0},"end":{"line":14,"column":19}}},"s":{"0":1,"1":1,"2":1,"3":1,"4":1,"5":1,"6":1,"7":1,"8":1,"9":1,"10":1,"11":1,"12":1,"13":1},"branchMap":{"0":{"type":"branch","line":5,"loc":{"start":{"line":5,"column":12},"end":{"line":12,"column":2}},"locations":[{"start":{"line":5,"column":12},"end":{"line":12,"column":2}}]}},"b":{"0":[1]},"fnMap":{"0":{"name":"App","decl":{"start":{"line":5,"column":12},"end":{"line":12,"column":2}},"loc":{"start":{"line":5,"column":12},"end":{"line":12,"column":2}},"line":5}},"f":{"0":1}}
,"D:\\coding\\typescript\\projects\\myReactUItesting\\src\\components\\FizzBuzz.tsx": {"path":"D:\\coding\\typescript\\projects\\myReactUItesting\\src\\components\\FizzBuzz.tsx","all":false,"statementMap":{"0":{"start":{"line":1,"column":0},"end":{"line":1,"column":40}},"1":{"start":{"line":2,"column":0},"end":{"line":2,"column":0}},"2":{"start":{"line":3,"column":0},"end":{"line":3,"column":24}},"3":{"start":{"line":4,"column":0},"end":{"line":4,"column":83}},"4":{"start":{"line":5,"column":0},"end":{"line":5,"column":0}},"5":{"start":{"line":6,"column":0},"end":{"line":6,"column":66}},"6":{"start":{"line":7,"column":0},"end":{"line":7,"column":49}},"7":{"start":{"line":8,"column":0},"end":{"line":8,"column":55}},"8":{"start":{"line":9,"column":0},"end":{"line":9,"column":34}},"9":{"start":{"line":10,"column":0},"end":{"line":10,"column":39}},"10":{"start":{"line":11,"column":0},"end":{"line":11,"column":30}},"11":{"start":{"line":12,"column":0},"end":{"line":12,"column":39}},"12":{"start":{"line":13,"column":0},"end":{"line":13,"column":30}},"13":{"start":{"line":14,"column":0},"end":{"line":14,"column":14}},"14":{"start":{"line":15,"column":0},"end":{"line":15,"column":33}},"15":{"start":{"line":16,"column":0},"end":{"line":16,"column":9}},"16":{"start":{"line":17,"column":0},"end":{"line":17,"column":5}},"17":{"start":{"line":18,"column":0},"end":{"line":18,"column":11}},"18":{"start":{"line":19,"column":0},"end":{"line":19,"column":5}},"19":{"start":{"line":20,"column":0},"end":{"line":20,"column":22}},"20":{"start":{"line":21,"column":0},"end":{"line":21,"column":10}},"21":{"start":{"line":22,"column":0},"end":{"line":22,"column":50}},"22":{"start":{"line":23,"column":0},"end":{"line":23,"column":8}},"23":{"start":{"line":24,"column":0},"end":{"line":24,"column":7}},"24":{"start":{"line":25,"column":0},"end":{"line":25,"column":11}},"25":{"start":{"line":26,"column":0},"end":{"line":26,"column":50}},"26":{"start":{"line":27,"column":0},"end":{"line":27,"column":8}},"27":{"start":{"line":28,"column":0},"end":{"line":28,"column":6}},"28":{"start":{"line":29,"column":0},"end":{"line":29,"column":6}},"29":{"start":{"line":30,"column":0},"end":{"line":30,"column":1}},"30":{"start":{"line":31,"column":0},"end":{"line":31,"column":0}},"31":{"start":{"line":32,"column":0},"end":{"line":32,"column":24}}},"s":{"0":1,"1":1,"2":1,"3":16,"4":16,"5":16,"6":8,"7":8,"8":2,"9":8,"10":2,"11":6,"12":1,"13":4,"14":3,"15":3,"16":8,"17":16,"18":16,"19":16,"20":16,"21":16,"22":16,"23":16,"24":16,"25":16,"26":16,"27":16,"28":16,"29":16,"30":1,"31":1},"branchMap":{"0":{"type":"branch","line":3,"loc":{"start":{"line":3,"column":17},"end":{"line":30,"column":1}},"locations":[{"start":{"line":3,"column":17},"end":{"line":30,"column":1}}]},"1":{"type":"branch","line":6,"loc":{"start":{"line":6,"column":21},"end":{"line":17,"column":5}},"locations":[{"start":{"line":6,"column":21},"end":{"line":17,"column":5}}]},"2":{"type":"branch","line":8,"loc":{"start":{"line":8,"column":30},"end":{"line":8,"column":53}},"locations":[{"start":{"line":8,"column":30},"end":{"line":8,"column":53}}]},"3":{"type":"branch","line":8,"loc":{"start":{"line":8,"column":54},"end":{"line":10,"column":9}},"locations":[{"start":{"line":8,"column":54},"end":{"line":10,"column":9}}]},"4":{"type":"branch","line":10,"loc":{"start":{"line":10,"column":9},"end":{"line":16,"column":9}},"locations":[{"start":{"line":10,"column":9},"end":{"line":16,"column":9}}]},"5":{"type":"branch","line":10,"loc":{"start":{"line":10,"column":38},"end":{"line":12,"column":9}},"locations":[{"start":{"line":10,"column":38},"end":{"line":12,"column":9}}]},"6":{"type":"branch","line":12,"loc":{"start":{"line":12,"column":9},"end":{"line":16,"column":9}},"locations":[{"start":{"line":12,"column":9},"end":{"line":16,"column":9}}]},"7":{"type":"branch","line":12,"loc":{"start":{"line":12,"column":38},"end":{"line":14,"column":9}},"locations":[{"start":{"line":12,"column":38},"end":{"line":14,"column":9}}]},"8":{"type":"branch","line":14,"loc":{"start":{"line":14,"column":9},"end":{"line":16,"column":9}},"locations":[{"start":{"line":14,"column":9},"end":{"line":16,"column":9}}]}},"b":{"0":[16],"1":[8],"2":[4],"3":[2],"4":[6],"5":[2],"6":[4],"7":[1],"8":[3]},"fnMap":{"0":{"name":"FizzBuzz","decl":{"start":{"line":3,"column":17},"end":{"line":30,"column":1}},"loc":{"start":{"line":3,"column":17},"end":{"line":30,"column":1}},"line":3},"1":{"name":"FizzBuzz","decl":{"start":{"line":6,"column":21},"end":{"line":17,"column":5}},"loc":{"start":{"line":6,"column":21},"end":{"line":17,"column":5}},"line":6}},"f":{"0":16,"1":8}}
,"D:\\coding\\typescript\\projects\\myReactUItesting\\src\\components\\UserForm.tsx": {"path":"D:\\coding\\typescript\\projects\\myReactUItesting\\src\\components\\UserForm.tsx","all":false,"statementMap":{"0":{"start":{"line":1,"column":0},"end":{"line":1,"column":26}},"1":{"start":{"line":2,"column":0},"end":{"line":2,"column":0}},"2":{"start":{"line":3,"column":0},"end":{"line":3,"column":24}},"3":{"start":{"line":4,"column":0},"end":{"line":4,"column":0}},"4":{"start":{"line":5,"column":0},"end":{"line":5,"column":10}},"5":{"start":{"line":6,"column":0},"end":{"line":6,"column":29}},"6":{"start":{"line":7,"column":0},"end":{"line":7,"column":9}},"7":{"start":{"line":8,"column":0},"end":{"line":8,"column":45}},"8":{"start":{"line":9,"column":0},"end":{"line":9,"column":52}},"9":{"start":{"line":10,"column":0},"end":{"line":10,"column":39}},"10":{"start":{"line":11,"column":0},"end":{"line":11,"column":10}},"11":{"start":{"line":12,"column":0},"end":{"line":12,"column":11}},"12":{"start":{"line":13,"column":0},"end":{"line":13,"column":0}},"13":{"start":{"line":14,"column":0},"end":{"line":14,"column":4}},"14":{"start":{"line":15,"column":0},"end":{"line":15,"column":2}},"15":{"start":{"line":16,"column":0},"end":{"line":16,"column":0}},"16":{"start":{"line":17,"column":0},"end":{"line":17,"column":24}}},"s":{"0":1,"1":1,"2":1,"3":4,"4":4,"5":4,"6":4,"7":4,"8":4,"9":4,"10":4,"11":4,"12":4,"13":4,"14":4,"15":1,"16":1},"branchMap":{"0":{"type":"branch","line":3,"loc":{"start":{"line":3,"column":17},"end":{"line":15,"column":2}},"locations":[{"start":{"line":3,"column":17},"end":{"line":15,"column":2}}]}},"b":{"0":[4]},"fnMap":{"0":{"name":"UserForm","decl":{"start":{"line":3,"column":17},"end":{"line":15,"column":2}},"loc":{"start":{"line":3,"column":17},"end":{"line":15,"column":2}},"line":3}},"f":{"0":4}}
}
