TN:
SF:src\App.tsx
FN:4,App
FNF:1
FNH:1
FNDA:1,App
DA:1,1
DA:2,1
DA:3,1
DA:4,1
DA:5,1
DA:6,1
DA:7,1
DA:8,1
DA:9,1
DA:10,1
DA:11,1
DA:12,1
DA:13,1
DA:14,1
DA:15,1
LF:15
LH:15
BRDA:4,0,0,1
BRF:1
BRH:1
end_of_record
TN:
SF:src\components\FizzBuzz.tsx
FN:3,FizzBuzz
FN:6,FizzBuzz
FNF:2
FNH:2
FNDA:17,FizzBuzz
FNDA:8,FizzBuzz
DA:1,1
DA:2,1
DA:3,1
DA:4,17
DA:5,17
DA:6,17
DA:7,8
DA:8,8
DA:9,2
DA:10,8
DA:11,2
DA:12,6
DA:13,1
DA:14,4
DA:15,3
DA:16,3
DA:17,8
DA:18,17
DA:19,17
DA:20,17
DA:21,17
DA:22,17
DA:23,17
DA:24,17
DA:25,17
DA:26,17
DA:27,17
DA:28,17
DA:29,17
DA:30,17
DA:31,1
DA:32,1
LF:32
LH:32
BRDA:3,0,0,17
BRDA:6,1,0,8
BRDA:8,2,0,4
BRDA:8,3,0,2
BRDA:10,4,0,6
BRDA:10,5,0,2
BRDA:12,6,0,4
BRDA:12,7,0,1
BRDA:14,8,0,3
BRF:9
BRH:9
end_of_record
