TN:
SF:src/App.tsx
FN:4,App
FNF:1
FNH:1
FNDA:1,App
DA:1,1
DA:2,1
DA:3,1
DA:4,1
DA:5,1
DA:6,1
DA:7,1
DA:8,1
DA:9,1
DA:10,1
DA:11,1
DA:12,1
DA:13,1
DA:14,1
DA:15,1
LF:15
LH:15
BRDA:4,0,0,1
BRF:1
BRH:1
end_of_record
TN:
SF:src/components/FizzBuzz.tsx
FN:3,FizzBuzz
FN:6,FizzBuzz
FNF:2
FNH:2
FNDA:5,FizzBuzz
FNDA:2,FizzBuzz
DA:1,1
DA:2,1
DA:3,1
DA:4,5
DA:5,5
DA:6,5
DA:7,2
DA:8,2
DA:9,5
DA:10,5
DA:11,5
DA:12,5
DA:13,5
DA:14,5
DA:15,5
DA:16,5
DA:17,5
DA:18,5
DA:19,5
DA:20,5
DA:21,5
DA:22,1
DA:23,1
LF:23
LH:23
BRDA:3,0,0,5
BRDA:6,1,0,2
BRF:2
BRH:2
end_of_record
